\BOOKMARK [0][-]{chapter.1}{\376\377\0001\000\040\000D\000a\000t\000a\000\040\000S\000t\000r\000u\000c\000t\000u\000r\000e\000\040\000D\000o\000c\000u\000m\000e\000n\000t\000a\000t\000i\000o\000n}{}% 1
\BOOKMARK [1][-]{section.1.1}{\376\377\0001\000.\0001\000\040\000a\000i\000r\000p\000o\000r\000t\000\040\000S\000t\000r\000u\000c\000t\000\040\000R\000e\000f\000e\000r\000e\000n\000c\000e}{chapter.1}% 2
\BOOKMARK [2][-]{subsection.1.1.1}{\376\377\0001\000.\0001\000.\0001\000\040\000D\000e\000t\000a\000i\000l\000e\000d\000\040\000D\000e\000s\000c\000r\000i\000p\000t\000i\000o\000n}{section.1.1}% 3
\BOOKMARK [2][-]{subsection.1.1.2}{\376\377\0001\000.\0001\000.\0002\000\040\000F\000i\000e\000l\000d\000\040\000D\000o\000c\000u\000m\000e\000n\000t\000a\000t\000i\000o\000n}{section.1.1}% 4
\BOOKMARK [3][-]{subsubsection.1.1.2.1}{\376\377\0001\000.\0001\000.\0002\000.\0001\000\040\000l\000a\000n\000d\000i\000n\000g\000Q\000u\000e\000u\000e}{subsection.1.1.2}% 5
\BOOKMARK [3][-]{subsubsection.1.1.2.2}{\376\377\0001\000.\0001\000.\0002\000.\0002\000\040\000p\000a\000r\000k\000i\000n\000g\000P\000l\000a\000n\000e\000s}{subsection.1.1.2}% 6
\BOOKMARK [3][-]{subsubsection.1.1.2.3}{\376\377\0001\000.\0001\000.\0002\000.\0003\000\040\000p\000a\000r\000k\000i\000n\000g\000S\000i\000z\000e}{subsection.1.1.2}% 7
\BOOKMARK [3][-]{subsubsection.1.1.2.4}{\376\377\0001\000.\0001\000.\0002\000.\0004\000\040\000p\000l\000a\000n\000e\000s\000I\000n\000R\000a\000n\000g\000e}{subsection.1.1.2}% 8
\BOOKMARK [3][-]{subsubsection.1.1.2.5}{\376\377\0001\000.\0001\000.\0002\000.\0005\000\040\000r\000u\000n\000w\000a\000y\000s}{subsection.1.1.2}% 9
\BOOKMARK [3][-]{subsubsection.1.1.2.6}{\376\377\0001\000.\0001\000.\0002\000.\0006\000\040\000w\000a\000i\000t\000F\000o\000r\000R\000u\000n\000w\000a\000y\000Q\000u\000e\000u\000e}{subsection.1.1.2}% 10
\BOOKMARK [1][-]{section.1.2}{\376\377\0001\000.\0002\000\040\000A\000n\000c\000h\000o\000r\000\040\000S\000t\000r\000u\000c\000t\000\040\000R\000e\000f\000e\000r\000e\000n\000c\000e}{chapter.1}% 11
\BOOKMARK [2][-]{subsection.1.2.1}{\376\377\0001\000.\0002\000.\0001\000\040\000D\000e\000t\000a\000i\000l\000e\000d\000\040\000D\000e\000s\000c\000r\000i\000p\000t\000i\000o\000n}{section.1.2}% 12
\BOOKMARK [2][-]{subsection.1.2.2}{\376\377\0001\000.\0002\000.\0002\000\040\000F\000i\000e\000l\000d\000\040\000D\000o\000c\000u\000m\000e\000n\000t\000a\000t\000i\000o\000n}{section.1.2}% 13
\BOOKMARK [3][-]{subsubsection.1.2.2.1}{\376\377\0001\000.\0002\000.\0002\000.\0001\000\040\000x}{subsection.1.2.2}% 14
\BOOKMARK [3][-]{subsubsection.1.2.2.2}{\376\377\0001\000.\0002\000.\0002\000.\0002\000\040\000y}{subsection.1.2.2}% 15
\BOOKMARK [1][-]{section.1.3}{\376\377\0001\000.\0003\000\040\000b\000u\000t\000t\000o\000n\000\040\000S\000t\000r\000u\000c\000t\000\040\000R\000e\000f\000e\000r\000e\000n\000c\000e}{chapter.1}% 16
\BOOKMARK [2][-]{subsection.1.3.1}{\376\377\0001\000.\0003\000.\0001\000\040\000D\000e\000t\000a\000i\000l\000e\000d\000\040\000D\000e\000s\000c\000r\000i\000p\000t\000i\000o\000n}{section.1.3}% 17
\BOOKMARK [2][-]{subsection.1.3.2}{\376\377\0001\000.\0003\000.\0002\000\040\000F\000i\000e\000l\000d\000\040\000D\000o\000c\000u\000m\000e\000n\000t\000a\000t\000i\000o\000n}{section.1.3}% 18
\BOOKMARK [3][-]{subsubsection.1.3.2.1}{\376\377\0001\000.\0003\000.\0002\000.\0001\000\040\000a\000c\000t\000i\000o\000n}{subsection.1.3.2}% 19
\BOOKMARK [3][-]{subsubsection.1.3.2.2}{\376\377\0001\000.\0003\000.\0002\000.\0002\000\040\000c\000e\000n\000t\000e\000r}{subsection.1.3.2}% 20
\BOOKMARK [3][-]{subsubsection.1.3.2.3}{\376\377\0001\000.\0003\000.\0002\000.\0003\000\040\000C\000I\000D}{subsection.1.3.2}% 21
\BOOKMARK [3][-]{subsubsection.1.3.2.4}{\376\377\0001\000.\0003\000.\0002\000.\0004\000\040\000C\000S\000G}{subsection.1.3.2}% 22
\BOOKMARK [3][-]{subsubsection.1.3.2.5}{\376\377\0001\000.\0003\000.\0002\000.\0005\000\040\000s\000e\000l\000e\000c\000t\000e\000d}{subsection.1.3.2}% 23
\BOOKMARK [3][-]{subsubsection.1.3.2.6}{\376\377\0001\000.\0003\000.\0002\000.\0006\000\040\000t\000e\000x\000t}{subsection.1.3.2}% 24
\BOOKMARK [1][-]{section.1.4}{\376\377\0001\000.\0004\000\040\000c\000h\000a\000i\000n\000I\000t\000e\000m\000\040\000S\000t\000r\000u\000c\000t\000\040\000R\000e\000f\000e\000r\000e\000n\000c\000e}{chapter.1}% 25
\BOOKMARK [2][-]{subsection.1.4.1}{\376\377\0001\000.\0004\000.\0001\000\040\000D\000e\000t\000a\000i\000l\000e\000d\000\040\000D\000e\000s\000c\000r\000i\000p\000t\000i\000o\000n}{section.1.4}% 26
\BOOKMARK [2][-]{subsection.1.4.2}{\376\377\0001\000.\0004\000.\0002\000\040\000F\000i\000e\000l\000d\000\040\000D\000o\000c\000u\000m\000e\000n\000t\000a\000t\000i\000o\000n}{section.1.4}% 27
\BOOKMARK [3][-]{subsubsection.1.4.2.1}{\376\377\0001\000.\0004\000.\0002\000.\0001\000\040\000d\000a\000t\000a}{subsection.1.4.2}% 28
\BOOKMARK [3][-]{subsubsection.1.4.2.2}{\376\377\0001\000.\0004\000.\0002\000.\0002\000\040\000i\000n\000d\000e\000x}{subsection.1.4.2}% 29
\BOOKMARK [3][-]{subsubsection.1.4.2.3}{\376\377\0001\000.\0004\000.\0002\000.\0003\000\040\000n\000e\000x\000t}{subsection.1.4.2}% 30
\BOOKMARK [3][-]{subsubsection.1.4.2.4}{\376\377\0001\000.\0004\000.\0002\000.\0004\000\040\000p\000r\000e\000v\000i\000o\000u\000s}{subsection.1.4.2}% 31
\BOOKMARK [1][-]{section.1.5}{\376\377\0001\000.\0005\000\040\000l\000i\000s\000t\000\040\000S\000t\000r\000u\000c\000t\000\040\000R\000e\000f\000e\000r\000e\000n\000c\000e}{chapter.1}% 32
\BOOKMARK [2][-]{subsection.1.5.1}{\376\377\0001\000.\0005\000.\0001\000\040\000D\000e\000t\000a\000i\000l\000e\000d\000\040\000D\000e\000s\000c\000r\000i\000p\000t\000i\000o\000n}{section.1.5}% 33
\BOOKMARK [2][-]{subsection.1.5.2}{\376\377\0001\000.\0005\000.\0002\000\040\000F\000i\000e\000l\000d\000\040\000D\000o\000c\000u\000m\000e\000n\000t\000a\000t\000i\000o\000n}{section.1.5}% 34
\BOOKMARK [3][-]{subsubsection.1.5.2.1}{\376\377\0001\000.\0005\000.\0002\000.\0001\000\040\000c\000o\000m\000p\000a\000r\000a\000t\000o\000r}{subsection.1.5.2}% 35
\BOOKMARK [3][-]{subsubsection.1.5.2.2}{\376\377\0001\000.\0005\000.\0002\000.\0002\000\040\000f\000i\000r\000s\000t}{subsection.1.5.2}% 36
\BOOKMARK [3][-]{subsubsection.1.5.2.3}{\376\377\0001\000.\0005\000.\0002\000.\0003\000\040\000l\000a\000s\000t}{subsection.1.5.2}% 37
\BOOKMARK [3][-]{subsubsection.1.5.2.4}{\376\377\0001\000.\0005\000.\0002\000.\0004\000\040\000l\000e\000n\000g\000t\000h}{subsection.1.5.2}% 38
\BOOKMARK [1][-]{section.1.6}{\376\377\0001\000.\0006\000\040\000p\000l\000a\000n\000e\000\040\000S\000t\000r\000u\000c\000t\000\040\000R\000e\000f\000e\000r\000e\000n\000c\000e}{chapter.1}% 39
\BOOKMARK [2][-]{subsection.1.6.1}{\376\377\0001\000.\0006\000.\0001\000\040\000D\000e\000t\000a\000i\000l\000e\000d\000\040\000D\000e\000s\000c\000r\000i\000p\000t\000i\000o\000n}{section.1.6}% 40
\BOOKMARK [2][-]{subsection.1.6.2}{\376\377\0001\000.\0006\000.\0002\000\040\000F\000i\000e\000l\000d\000\040\000D\000o\000c\000u\000m\000e\000n\000t\000a\000t\000i\000o\000n}{section.1.6}% 41
\BOOKMARK [3][-]{subsubsection.1.6.2.1}{\376\377\0001\000.\0006\000.\0002\000.\0001\000\040\000m\000a\000t\000r\000i\000c\000u\000l\000a\000t\000i\000o\000n}{subsection.1.6.2}% 42
\BOOKMARK [3][-]{subsubsection.1.6.2.2}{\376\377\0001\000.\0006\000.\0002\000.\0002\000\040\000p\000a\000s\000s\000e\000n\000g\000e\000r\000s}{subsection.1.6.2}% 43
\BOOKMARK [3][-]{subsubsection.1.6.2.3}{\376\377\0001\000.\0006\000.\0002\000.\0003\000\040\000p\000a\000s\000s\000e\000n\000g\000e\000r\000s\000M\000a\000x}{subsection.1.6.2}% 44
\BOOKMARK [3][-]{subsubsection.1.6.2.4}{\376\377\0001\000.\0006\000.\0002\000.\0004\000\040\000s\000t\000a\000t\000u\000s}{subsection.1.6.2}% 45
\BOOKMARK [3][-]{subsubsection.1.6.2.5}{\376\377\0001\000.\0006\000.\0002\000.\0005\000\040\000t\000a\000r\000g\000e\000t\000R\000u\000n\000w\000a\000y}{subsection.1.6.2}% 46
\BOOKMARK [3][-]{subsubsection.1.6.2.6}{\376\377\0001\000.\0006\000.\0002\000.\0006\000\040\000t\000y\000p\000e}{subsection.1.6.2}% 47
\BOOKMARK [1][-]{section.1.7}{\376\377\0001\000.\0007\000\040\000r\000u\000n\000w\000a\000y\000\040\000S\000t\000r\000u\000c\000t\000\040\000R\000e\000f\000e\000r\000e\000n\000c\000e}{chapter.1}% 48
\BOOKMARK [2][-]{subsection.1.7.1}{\376\377\0001\000.\0007\000.\0001\000\040\000D\000e\000t\000a\000i\000l\000e\000d\000\040\000D\000e\000s\000c\000r\000i\000p\000t\000i\000o\000n}{section.1.7}% 49
\BOOKMARK [2][-]{subsection.1.7.2}{\376\377\0001\000.\0007\000.\0002\000\040\000F\000i\000e\000l\000d\000\040\000D\000o\000c\000u\000m\000e\000n\000t\000a\000t\000i\000o\000n}{section.1.7}% 50
\BOOKMARK [3][-]{subsubsection.1.7.2.1}{\376\377\0001\000.\0007\000.\0002\000.\0001\000\040\000i\000d}{subsection.1.7.2}% 51
\BOOKMARK [3][-]{subsubsection.1.7.2.2}{\376\377\0001\000.\0007\000.\0002\000.\0002\000\040\000l\000e\000n\000g\000t\000h}{subsection.1.7.2}% 52
\BOOKMARK [3][-]{subsubsection.1.7.2.3}{\376\377\0001\000.\0007\000.\0002\000.\0003\000\040\000m\000a\000x\000T\000a\000k\000e\000o\000f\000f\000Q\000u\000e\000u\000e}{subsection.1.7.2}% 53
\BOOKMARK [3][-]{subsubsection.1.7.2.4}{\376\377\0001\000.\0007\000.\0002\000.\0004\000\040\000p\000l\000a\000n\000e\000L\000T}{subsection.1.7.2}% 54
\BOOKMARK [3][-]{subsubsection.1.7.2.5}{\376\377\0001\000.\0007\000.\0002\000.\0005\000\040\000t\000a\000k\000e\000o\000f\000f\000Q\000u\000e\000u\000e}{subsection.1.7.2}% 55
\BOOKMARK [3][-]{subsubsection.1.7.2.6}{\376\377\0001\000.\0007\000.\0002\000.\0006\000\040\000t\000y\000p\000e}{subsection.1.7.2}% 56
\BOOKMARK [3][-]{subsubsection.1.7.2.7}{\376\377\0001\000.\0007\000.\0002\000.\0007\000\040\000w\000i\000d\000t\000h}{subsection.1.7.2}% 57
\BOOKMARK [1][-]{section.1.8}{\376\377\0001\000.\0008\000\040\000s\000i\000m\000\137\000p\000l\000a\000n\000e\000A\000c\000t\000o\000r\000\040\000S\000t\000r\000u\000c\000t\000\040\000R\000e\000f\000e\000r\000e\000n\000c\000e}{chapter.1}% 58
\BOOKMARK [2][-]{subsection.1.8.1}{\376\377\0001\000.\0008\000.\0001\000\040\000D\000e\000t\000a\000i\000l\000e\000d\000\040\000D\000e\000s\000c\000r\000i\000p\000t\000i\000o\000n}{section.1.8}% 59
\BOOKMARK [2][-]{subsection.1.8.2}{\376\377\0001\000.\0008\000.\0002\000\040\000F\000i\000e\000l\000d\000\040\000D\000o\000c\000u\000m\000e\000n\000t\000a\000t\000i\000o\000n}{section.1.8}% 60
\BOOKMARK [3][-]{subsubsection.1.8.2.1}{\376\377\0001\000.\0008\000.\0002\000.\0001\000\040\000p\000l\000a\000n\000e}{subsection.1.8.2}% 61
\BOOKMARK [3][-]{subsubsection.1.8.2.2}{\376\377\0001\000.\0008\000.\0002\000.\0002\000\040\000s\000t\000a\000t\000e\000L\000e\000n\000g\000t\000h\000T\000i\000m\000e\000I\000n\000M\000s}{subsection.1.8.2}% 62
\BOOKMARK [3][-]{subsubsection.1.8.2.3}{\376\377\0001\000.\0008\000.\0002\000.\0003\000\040\000s\000t\000a\000t\000e\000R\000e\000m\000a\000i\000n\000T\000i\000m\000e\000I\000n\000M\000s}{subsection.1.8.2}% 63
\BOOKMARK [1][-]{section.1.9}{\376\377\0001\000.\0009\000\040\000s\000i\000m\000u\000l\000a\000t\000i\000o\000n\000\040\000S\000t\000r\000u\000c\000t\000\040\000R\000e\000f\000e\000r\000e\000n\000c\000e}{chapter.1}% 64
\BOOKMARK [2][-]{subsection.1.9.1}{\376\377\0001\000.\0009\000.\0001\000\040\000D\000e\000t\000a\000i\000l\000e\000d\000\040\000D\000e\000s\000c\000r\000i\000p\000t\000i\000o\000n}{section.1.9}% 65
\BOOKMARK [2][-]{subsection.1.9.2}{\376\377\0001\000.\0009\000.\0002\000\040\000F\000i\000e\000l\000d\000\040\000D\000o\000c\000u\000m\000e\000n\000t\000a\000t\000i\000o\000n}{section.1.9}% 66
\BOOKMARK [3][-]{subsubsection.1.9.2.1}{\376\377\0001\000.\0009\000.\0002\000.\0001\000\040\000a\000i\000r\000p\000o\000r\000t}{subsection.1.9.2}% 67
\BOOKMARK [3][-]{subsubsection.1.9.2.2}{\376\377\0001\000.\0009\000.\0002\000.\0002\000\040\000p\000l\000a\000n\000e\000A\000c\000t\000o\000r\000s}{subsection.1.9.2}% 68
\BOOKMARK [3][-]{subsubsection.1.9.2.3}{\376\377\0001\000.\0009\000.\0002\000.\0003\000\040\000s\000i\000m\000u\000l\000a\000t\000i\000o\000n\000S\000p\000e\000e\000d\000I\000n\000M\000s}{subsection.1.9.2}% 69
\BOOKMARK [0][-]{chapter.2}{\376\377\0002\000\040\000F\000i\000l\000e\000\040\000D\000o\000c\000u\000m\000e\000n\000t\000a\000t\000i\000o\000n}{}% 70
\BOOKMARK [1][-]{section.2.1}{\376\377\0002\000.\0001\000\040\000A\000i\000r\000M\000a\000n\000a\000g\000e\000r\000.\000c\000\040\000F\000i\000l\000e\000\040\000R\000e\000f\000e\000r\000e\000n\000c\000e}{chapter.2}% 71
\BOOKMARK [2][-]{subsection.2.1.1}{\376\377\0002\000.\0001\000.\0001\000\040\000D\000e\000t\000a\000i\000l\000e\000d\000\040\000D\000e\000s\000c\000r\000i\000p\000t\000i\000o\000n}{section.2.1}% 72
\BOOKMARK [2][-]{subsection.2.1.2}{\376\377\0002\000.\0001\000.\0002\000\040\000F\000u\000n\000c\000t\000i\000o\000n\000\040\000D\000o\000c\000u\000m\000e\000n\000t\000a\000t\000i\000o\000n}{section.2.1}% 73
\BOOKMARK [3][-]{subsubsection.2.1.2.1}{\376\377\0002\000.\0001\000.\0002\000.\0001\000\040\000a\000d\000d\000P\000l\000a\000n\000e\000T\000o\000A\000F\000R\000Q\000\050\000\051}{subsection.2.1.2}% 74
\BOOKMARK [3][-]{subsubsection.2.1.2.2}{\376\377\0002\000.\0001\000.\0002\000.\0002\000\040\000a\000d\000d\000P\000l\000a\000n\000e\000T\000o\000L\000a\000n\000d\000i\000n\000g\000Q\000u\000e\000u\000e\000\050\000\051}{subsection.2.1.2}% 75
\BOOKMARK [3][-]{subsubsection.2.1.2.3}{\376\377\0002\000.\0001\000.\0002\000.\0003\000\040\000a\000d\000d\000P\000l\000a\000n\000e\000T\000o\000P\000a\000r\000k\000i\000n\000g\000\050\000\051}{subsection.2.1.2}% 76
\BOOKMARK [3][-]{subsubsection.2.1.2.4}{\376\377\0002\000.\0001\000.\0002\000.\0004\000\040\000a\000d\000d\000P\000l\000a\000n\000e\000T\000o\000R\000u\000n\000w\000a\000y\000\050\000\051}{subsection.2.1.2}% 77
\BOOKMARK [3][-]{subsubsection.2.1.2.5}{\376\377\0002\000.\0001\000.\0002\000.\0005\000\040\000a\000d\000d\000P\000l\000a\000n\000e\000T\000o\000R\000u\000n\000w\000a\000y\000Q\000u\000e\000u\000e\000\050\000\051}{subsection.2.1.2}% 78
\BOOKMARK [3][-]{subsubsection.2.1.2.6}{\376\377\0002\000.\0001\000.\0002\000.\0006\000\040\000b\000u\000i\000l\000d\000A\000i\000r\000p\000o\000r\000t\000\050\000\051}{subsection.2.1.2}% 79
\BOOKMARK [3][-]{subsubsection.2.1.2.7}{\376\377\0002\000.\0001\000.\0002\000.\0007\000\040\000c\000a\000n\000A\000P\000l\000a\000n\000e\000I\000n\000L\000Q\000L\000a\000n\000d\000H\000e\000r\000e\000\050\000\051}{subsection.2.1.2}% 80
\BOOKMARK [3][-]{subsubsection.2.1.2.8}{\376\377\0002\000.\0001\000.\0002\000.\0008\000\040\000c\000a\000n\000I\000t\000L\000a\000n\000d\000H\000e\000r\000e\000\050\000\051}{subsection.2.1.2}% 81
\BOOKMARK [3][-]{subsubsection.2.1.2.9}{\376\377\0002\000.\0001\000.\0002\000.\0009\000\040\000g\000r\000a\000n\000t\000N\000e\000x\000t\000I\000n\000A\000F\000R\000Q\000A\000c\000c\000e\000s\000s\000T\000o\000R\000u\000n\000w\000a\000y\000\050\000\051}{subsection.2.1.2}% 82
\BOOKMARK [3][-]{subsubsection.2.1.2.10}{\376\377\0002\000.\0001\000.\0002\000.\0001\0000\000\040\000g\000r\000a\000n\000t\000N\000e\000x\000t\000I\000n\000L\000Q\000A\000c\000c\000e\000s\000s\000T\000o\000R\000u\000n\000w\000a\000y\000\050\000\051}{subsection.2.1.2}% 83
\BOOKMARK [3][-]{subsubsection.2.1.2.11}{\376\377\0002\000.\0001\000.\0002\000.\0001\0001\000\040\000g\000r\000a\000n\000t\000P\000l\000a\000n\000e\000I\000n\000A\000F\000R\000Q\000A\000c\000c\000e\000s\000s\000T\000o\000R\000u\000n\000w\000a\000y\000\050\000\051}{subsection.2.1.2}% 84
\BOOKMARK [3][-]{subsubsection.2.1.2.12}{\376\377\0002\000.\0001\000.\0002\000.\0001\0002\000\040\000g\000r\000a\000n\000t\000P\000l\000a\000n\000e\000I\000n\000L\000Q\000A\000c\000c\000e\000s\000s\000T\000o\000R\000u\000n\000w\000a\000y\000\050\000\051}{subsection.2.1.2}% 85
\BOOKMARK [3][-]{subsubsection.2.1.2.13}{\376\377\0002\000.\0001\000.\0002\000.\0001\0003\000\040\000g\000r\000a\000n\000t\000T\000a\000k\000e\000o\000f\000f\000F\000o\000r\000R\000u\000n\000w\000a\000y\000\050\000\051}{subsection.2.1.2}% 86
\BOOKMARK [3][-]{subsubsection.2.1.2.14}{\376\377\0002\000.\0001\000.\0002\000.\0001\0004\000\040\000i\000s\000P\000a\000r\000k\000i\000n\000g\000F\000u\000l\000l\000\050\000\051}{subsection.2.1.2}% 87
\BOOKMARK [3][-]{subsubsection.2.1.2.15}{\376\377\0002\000.\0001\000.\0002\000.\0001\0005\000\040\000i\000s\000P\000a\000r\000k\000i\000n\000g\000Q\000u\000e\000u\000e\000F\000u\000l\000l\000\050\000\051}{subsection.2.1.2}% 88
\BOOKMARK [3][-]{subsubsection.2.1.2.16}{\376\377\0002\000.\0001\000.\0002\000.\0001\0006\000\040\000i\000s\000R\000u\000n\000w\000a\000y\000F\000r\000e\000e\000\050\000\051}{subsection.2.1.2}% 89
\BOOKMARK [3][-]{subsubsection.2.1.2.17}{\376\377\0002\000.\0001\000.\0002\000.\0001\0007\000\040\000i\000s\000R\000u\000n\000w\000a\000y\000Q\000u\000e\000u\000e\000F\000u\000l\000l\000\050\000\051}{subsection.2.1.2}% 90
\BOOKMARK [3][-]{subsubsection.2.1.2.18}{\376\377\0002\000.\0001\000.\0002\000.\0001\0008\000\040\000l\000o\000a\000d\000P\000l\000a\000n\000e\000I\000n\000A\000i\000r\000p\000o\000r\000t\000\050\000\051}{subsection.2.1.2}% 91
\BOOKMARK [3][-]{subsubsection.2.1.2.19}{\376\377\0002\000.\0001\000.\0002\000.\0001\0009\000\040\000n\000e\000w\000A\000i\000r\000p\000o\000r\000t\000\050\000\051}{subsection.2.1.2}% 92
\BOOKMARK [3][-]{subsubsection.2.1.2.20}{\376\377\0002\000.\0001\000.\0002\000.\0002\0000\000\040\000n\000e\000w\000P\000l\000a\000n\000e\000\050\000\051}{subsection.2.1.2}% 93
\BOOKMARK [3][-]{subsubsection.2.1.2.21}{\376\377\0002\000.\0001\000.\0002\000.\0002\0001\000\040\000n\000e\000w\000R\000u\000n\000w\000a\000y\000\050\000\051}{subsection.2.1.2}% 94
\BOOKMARK [3][-]{subsubsection.2.1.2.22}{\376\377\0002\000.\0001\000.\0002\000.\0002\0002\000\040\000p\000l\000a\000n\000e\000E\000x\000i\000t\000R\000u\000n\000w\000a\000y\000\050\000\051}{subsection.2.1.2}% 95
\BOOKMARK [3][-]{subsubsection.2.1.2.23}{\376\377\0002\000.\0001\000.\0002\000.\0002\0003\000\040\000r\000e\000m\000o\000v\000e\000P\000l\000a\000n\000e\000\050\000\051}{subsection.2.1.2}% 96
\BOOKMARK [1][-]{section.2.2}{\376\377\0002\000.\0002\000\040\000A\000i\000r\000M\000a\000n\000a\000g\000e\000r\000.\000h\000\040\000F\000i\000l\000e\000\040\000R\000e\000f\000e\000r\000e\000n\000c\000e}{chapter.2}% 97
\BOOKMARK [2][-]{subsection.2.2.1}{\376\377\0002\000.\0002\000.\0001\000\040\000D\000e\000t\000a\000i\000l\000e\000d\000\040\000D\000e\000s\000c\000r\000i\000p\000t\000i\000o\000n}{section.2.2}% 98
\BOOKMARK [2][-]{subsection.2.2.2}{\376\377\0002\000.\0002\000.\0002\000\040\000E\000n\000u\000m\000e\000r\000a\000t\000i\000o\000n\000\040\000T\000y\000p\000e\000\040\000D\000o\000c\000u\000m\000e\000n\000t\000a\000t\000i\000o\000n}{section.2.2}% 99
\BOOKMARK [3][-]{subsubsection.2.2.2.1}{\376\377\0002\000.\0002\000.\0002\000.\0001\000\040\000p\000l\000a\000n\000e\000S\000t\000a\000t\000u\000s}{subsection.2.2.2}% 100
\BOOKMARK [3][-]{subsubsection.2.2.2.2}{\376\377\0002\000.\0002\000.\0002\000.\0002\000\040\000p\000l\000a\000n\000e\000T\000y\000p\000e}{subsection.2.2.2}% 101
\BOOKMARK [3][-]{subsubsection.2.2.2.3}{\376\377\0002\000.\0002\000.\0002\000.\0003\000\040\000r\000u\000n\000w\000a\000y\000T\000y\000p\000e}{subsection.2.2.2}% 102
\BOOKMARK [2][-]{subsection.2.2.3}{\376\377\0002\000.\0002\000.\0003\000\040\000F\000u\000n\000c\000t\000i\000o\000n\000\040\000D\000o\000c\000u\000m\000e\000n\000t\000a\000t\000i\000o\000n}{section.2.2}% 103
\BOOKMARK [3][-]{subsubsection.2.2.3.1}{\376\377\0002\000.\0002\000.\0003\000.\0001\000\040\000a\000d\000d\000P\000l\000a\000n\000e\000T\000o\000A\000F\000R\000Q\000\050\000\051}{subsection.2.2.3}% 104
\BOOKMARK [3][-]{subsubsection.2.2.3.2}{\376\377\0002\000.\0002\000.\0003\000.\0002\000\040\000a\000d\000d\000P\000l\000a\000n\000e\000T\000o\000L\000a\000n\000d\000i\000n\000g\000Q\000u\000e\000u\000e\000\050\000\051}{subsection.2.2.3}% 105
\BOOKMARK [3][-]{subsubsection.2.2.3.3}{\376\377\0002\000.\0002\000.\0003\000.\0003\000\040\000a\000d\000d\000P\000l\000a\000n\000e\000T\000o\000P\000a\000r\000k\000i\000n\000g\000\050\000\051}{subsection.2.2.3}% 106
\BOOKMARK [3][-]{subsubsection.2.2.3.4}{\376\377\0002\000.\0002\000.\0003\000.\0004\000\040\000a\000d\000d\000P\000l\000a\000n\000e\000T\000o\000R\000u\000n\000w\000a\000y\000\050\000\051}{subsection.2.2.3}% 107
\BOOKMARK [3][-]{subsubsection.2.2.3.5}{\376\377\0002\000.\0002\000.\0003\000.\0005\000\040\000a\000d\000d\000P\000l\000a\000n\000e\000T\000o\000R\000u\000n\000w\000a\000y\000Q\000u\000e\000u\000e\000\050\000\051}{subsection.2.2.3}% 108
\BOOKMARK [3][-]{subsubsection.2.2.3.6}{\376\377\0002\000.\0002\000.\0003\000.\0006\000\040\000b\000u\000i\000l\000d\000A\000i\000r\000p\000o\000r\000t\000\050\000\051}{subsection.2.2.3}% 109
\BOOKMARK [3][-]{subsubsection.2.2.3.7}{\376\377\0002\000.\0002\000.\0003\000.\0007\000\040\000c\000a\000n\000A\000P\000l\000a\000n\000e\000I\000n\000L\000Q\000L\000a\000n\000d\000H\000e\000r\000e\000\050\000\051}{subsection.2.2.3}% 110
\BOOKMARK [3][-]{subsubsection.2.2.3.8}{\376\377\0002\000.\0002\000.\0003\000.\0008\000\040\000c\000a\000n\000I\000t\000L\000a\000n\000d\000H\000e\000r\000e\000\050\000\051}{subsection.2.2.3}% 111
\BOOKMARK [3][-]{subsubsection.2.2.3.9}{\376\377\0002\000.\0002\000.\0003\000.\0009\000\040\000g\000r\000a\000n\000t\000N\000e\000x\000t\000I\000n\000A\000F\000R\000Q\000A\000c\000c\000e\000s\000s\000T\000o\000R\000u\000n\000w\000a\000y\000\050\000\051}{subsection.2.2.3}% 112
\BOOKMARK [3][-]{subsubsection.2.2.3.10}{\376\377\0002\000.\0002\000.\0003\000.\0001\0000\000\040\000g\000r\000a\000n\000t\000N\000e\000x\000t\000I\000n\000L\000Q\000A\000c\000c\000e\000s\000s\000T\000o\000R\000u\000n\000w\000a\000y\000\050\000\051}{subsection.2.2.3}% 113
\BOOKMARK [3][-]{subsubsection.2.2.3.11}{\376\377\0002\000.\0002\000.\0003\000.\0001\0001\000\040\000g\000r\000a\000n\000t\000P\000l\000a\000n\000e\000I\000n\000A\000F\000R\000Q\000A\000c\000c\000e\000s\000s\000T\000o\000R\000u\000n\000w\000a\000y\000\050\000\051}{subsection.2.2.3}% 114
\BOOKMARK [3][-]{subsubsection.2.2.3.12}{\376\377\0002\000.\0002\000.\0003\000.\0001\0002\000\040\000g\000r\000a\000n\000t\000P\000l\000a\000n\000e\000I\000n\000L\000Q\000A\000c\000c\000e\000s\000s\000T\000o\000R\000u\000n\000w\000a\000y\000\050\000\051}{subsection.2.2.3}% 115
\BOOKMARK [3][-]{subsubsection.2.2.3.13}{\376\377\0002\000.\0002\000.\0003\000.\0001\0003\000\040\000g\000r\000a\000n\000t\000T\000a\000k\000e\000o\000f\000f\000F\000o\000r\000R\000u\000n\000w\000a\000y\000\050\000\051}{subsection.2.2.3}% 116
\BOOKMARK [3][-]{subsubsection.2.2.3.14}{\376\377\0002\000.\0002\000.\0003\000.\0001\0004\000\040\000i\000s\000P\000a\000r\000k\000i\000n\000g\000F\000u\000l\000l\000\050\000\051}{subsection.2.2.3}% 117
\BOOKMARK [3][-]{subsubsection.2.2.3.15}{\376\377\0002\000.\0002\000.\0003\000.\0001\0005\000\040\000i\000s\000P\000a\000r\000k\000i\000n\000g\000Q\000u\000e\000u\000e\000F\000u\000l\000l\000\050\000\051}{subsection.2.2.3}% 118
\BOOKMARK [3][-]{subsubsection.2.2.3.16}{\376\377\0002\000.\0002\000.\0003\000.\0001\0006\000\040\000i\000s\000R\000u\000n\000w\000a\000y\000F\000r\000e\000e\000\050\000\051}{subsection.2.2.3}% 119
\BOOKMARK [3][-]{subsubsection.2.2.3.17}{\376\377\0002\000.\0002\000.\0003\000.\0001\0007\000\040\000i\000s\000R\000u\000n\000w\000a\000y\000Q\000u\000e\000u\000e\000F\000u\000l\000l\000\050\000\051}{subsection.2.2.3}% 120
\BOOKMARK [3][-]{subsubsection.2.2.3.18}{\376\377\0002\000.\0002\000.\0003\000.\0001\0008\000\040\000l\000o\000a\000d\000P\000l\000a\000n\000e\000I\000n\000A\000i\000r\000p\000o\000r\000t\000\050\000\051}{subsection.2.2.3}% 121
\BOOKMARK [3][-]{subsubsection.2.2.3.19}{\376\377\0002\000.\0002\000.\0003\000.\0001\0009\000\040\000n\000e\000w\000A\000i\000r\000p\000o\000r\000t\000\050\000\051}{subsection.2.2.3}% 122
\BOOKMARK [3][-]{subsubsection.2.2.3.20}{\376\377\0002\000.\0002\000.\0003\000.\0002\0000\000\040\000n\000e\000w\000P\000l\000a\000n\000e\000\050\000\051}{subsection.2.2.3}% 123
\BOOKMARK [3][-]{subsubsection.2.2.3.21}{\376\377\0002\000.\0002\000.\0003\000.\0002\0001\000\040\000n\000e\000w\000R\000u\000n\000w\000a\000y\000\050\000\051}{subsection.2.2.3}% 124
\BOOKMARK [3][-]{subsubsection.2.2.3.22}{\376\377\0002\000.\0002\000.\0003\000.\0002\0002\000\040\000p\000l\000a\000n\000e\000E\000x\000i\000t\000R\000u\000n\000w\000a\000y\000\050\000\051}{subsection.2.2.3}% 125
\BOOKMARK [3][-]{subsubsection.2.2.3.23}{\376\377\0002\000.\0002\000.\0003\000.\0002\0003\000\040\000r\000e\000m\000o\000v\000e\000P\000l\000a\000n\000e\000\050\000\051}{subsection.2.2.3}% 126
\BOOKMARK [1][-]{section.2.3}{\376\377\0002\000.\0003\000\040\000A\000i\000r\000S\000i\000m\000.\000c\000\040\000F\000i\000l\000e\000\040\000R\000e\000f\000e\000r\000e\000n\000c\000e}{chapter.2}% 127
\BOOKMARK [2][-]{subsection.2.3.1}{\376\377\0002\000.\0003\000.\0001\000\040\000D\000e\000t\000a\000i\000l\000e\000d\000\040\000D\000e\000s\000c\000r\000i\000p\000t\000i\000o\000n}{section.2.3}% 128
\BOOKMARK [2][-]{subsection.2.3.2}{\376\377\0002\000.\0003\000.\0002\000\040\000F\000u\000n\000c\000t\000i\000o\000n\000\040\000D\000o\000c\000u\000m\000e\000n\000t\000a\000t\000i\000o\000n}{section.2.3}% 129
\BOOKMARK [3][-]{subsubsection.2.3.2.1}{\376\377\0002\000.\0003\000.\0002\000.\0001\000\040\000c\000m\000p\000r\000P\000o\000i\000n\000t\000e\000r\000\050\000\051}{subsection.2.3.2}% 130
\BOOKMARK [3][-]{subsubsection.2.3.2.2}{\376\377\0002\000.\0003\000.\0002\000.\0002\000\040\000g\000e\000t\000S\000i\000m\000P\000l\000a\000n\000e\000A\000c\000t\000o\000r\000I\000n\000L\000i\000s\000t\000\050\000\051}{subsection.2.3.2}% 131
\BOOKMARK [3][-]{subsubsection.2.3.2.3}{\376\377\0002\000.\0003\000.\0002\000.\0003\000\040\000i\000n\000i\000t\000S\000i\000m\000u\000l\000a\000t\000i\000o\000n\000\050\000\051}{subsection.2.3.2}% 132
\BOOKMARK [3][-]{subsubsection.2.3.2.4}{\376\377\0002\000.\0003\000.\0002\000.\0004\000\040\000m\000a\000i\000n\000\050\000\051}{subsection.2.3.2}% 133
\BOOKMARK [3][-]{subsubsection.2.3.2.5}{\376\377\0002\000.\0003\000.\0002\000.\0005\000\040\000m\000s\000l\000e\000e\000p\000\050\000\051}{subsection.2.3.2}% 134
\BOOKMARK [3][-]{subsubsection.2.3.2.6}{\376\377\0002\000.\0003\000.\0002\000.\0006\000\040\000n\000e\000w\000S\000i\000m\000P\000l\000a\000n\000e\000A\000c\000t\000o\000r\000\050\000\051}{subsection.2.3.2}% 135
\BOOKMARK [3][-]{subsubsection.2.3.2.7}{\376\377\0002\000.\0003\000.\0002\000.\0007\000\040\000p\000l\000a\000n\000e\000N\000e\000x\000t\000A\000c\000t\000i\000o\000n\000\050\000\051}{subsection.2.3.2}% 136
\BOOKMARK [1][-]{section.2.4}{\376\377\0002\000.\0004\000\040\000A\000i\000r\000S\000i\000m\000.\000h\000\040\000F\000i\000l\000e\000\040\000R\000e\000f\000e\000r\000e\000n\000c\000e}{chapter.2}% 137
\BOOKMARK [2][-]{subsection.2.4.1}{\376\377\0002\000.\0004\000.\0001\000\040\000D\000e\000t\000a\000i\000l\000e\000d\000\040\000D\000e\000s\000c\000r\000i\000p\000t\000i\000o\000n}{section.2.4}% 138
\BOOKMARK [2][-]{subsection.2.4.2}{\376\377\0002\000.\0004\000.\0002\000\040\000F\000u\000n\000c\000t\000i\000o\000n\000\040\000D\000o\000c\000u\000m\000e\000n\000t\000a\000t\000i\000o\000n}{section.2.4}% 139
\BOOKMARK [3][-]{subsubsection.2.4.2.1}{\376\377\0002\000.\0004\000.\0002\000.\0001\000\040\000g\000e\000t\000S\000i\000m\000P\000l\000a\000n\000e\000A\000c\000t\000o\000r\000I\000n\000L\000i\000s\000t\000\050\000\051}{subsection.2.4.2}% 140
\BOOKMARK [1][-]{section.2.5}{\376\377\0002\000.\0005\000\040\000b\000d\000d\000M\000a\000n\000a\000g\000e\000r\000.\000c\000\040\000F\000i\000l\000e\000\040\000R\000e\000f\000e\000r\000e\000n\000c\000e}{chapter.2}% 141
\BOOKMARK [2][-]{subsection.2.5.1}{\376\377\0002\000.\0005\000.\0001\000\040\000D\000e\000t\000a\000i\000l\000e\000d\000\040\000D\000e\000s\000c\000r\000i\000p\000t\000i\000o\000n}{section.2.5}% 142
\BOOKMARK [2][-]{subsection.2.5.2}{\376\377\0002\000.\0005\000.\0002\000\040\000F\000u\000n\000c\000t\000i\000o\000n\000\040\000D\000o\000c\000u\000m\000e\000n\000t\000a\000t\000i\000o\000n}{section.2.5}% 143
\BOOKMARK [3][-]{subsubsection.2.5.2.1}{\376\377\0002\000.\0005\000.\0002\000.\0001\000\040\000C\000m\000p\000P\000t\000r\000\050\000\051}{subsection.2.5.2}% 144
\BOOKMARK [3][-]{subsubsection.2.5.2.2}{\376\377\0002\000.\0005\000.\0002\000.\0002\000\040\000o\000p\000e\000n\000C\000h\000a\000i\000n\000F\000i\000l\000e\000\050\000\051}{subsection.2.5.2}% 145
\BOOKMARK [3][-]{subsubsection.2.5.2.3}{\376\377\0002\000.\0005\000.\0002\000.\0003\000\040\000r\000a\000n\000d\000o\000m\000I\000n\000t\000\050\000\051}{subsection.2.5.2}% 146
\BOOKMARK [3][-]{subsubsection.2.5.2.4}{\376\377\0002\000.\0005\000.\0002\000.\0004\000\040\000r\000a\000n\000d\000o\000m\000R\000e\000g\000i\000s\000t\000r\000a\000t\000i\000o\000n\000\050\000\051}{subsection.2.5.2}% 147
\BOOKMARK [3][-]{subsubsection.2.5.2.5}{\376\377\0002\000.\0005\000.\0002\000.\0005\000\040\000s\000a\000v\000e\000P\000l\000a\000n\000e\000s\000I\000n\000F\000i\000l\000e\000\050\000\051}{subsection.2.5.2}% 148
\BOOKMARK [3][-]{subsubsection.2.5.2.6}{\376\377\0002\000.\0005\000.\0002\000.\0006\000\040\000s\000M\000a\000k\000e\000C\000h\000a\000i\000n\000D\000a\000t\000a\000\050\000\051}{subsection.2.5.2}% 149
\BOOKMARK [1][-]{section.2.6}{\376\377\0002\000.\0006\000\040\000b\000d\000d\000M\000a\000n\000a\000g\000e\000r\000.\000h\000\040\000F\000i\000l\000e\000\040\000R\000e\000f\000e\000r\000e\000n\000c\000e}{chapter.2}% 150
\BOOKMARK [2][-]{subsection.2.6.1}{\376\377\0002\000.\0006\000.\0001\000\040\000D\000e\000t\000a\000i\000l\000e\000d\000\040\000D\000e\000s\000c\000r\000i\000p\000t\000i\000o\000n}{section.2.6}% 151
\BOOKMARK [2][-]{subsection.2.6.2}{\376\377\0002\000.\0006\000.\0002\000\040\000F\000u\000n\000c\000t\000i\000o\000n\000\040\000D\000o\000c\000u\000m\000e\000n\000t\000a\000t\000i\000o\000n}{section.2.6}% 152
\BOOKMARK [3][-]{subsubsection.2.6.2.1}{\376\377\0002\000.\0006\000.\0002\000.\0001\000\040\000o\000p\000e\000n\000C\000h\000a\000i\000n\000F\000i\000l\000e\000\050\000\051}{subsection.2.6.2}% 153
\BOOKMARK [3][-]{subsubsection.2.6.2.2}{\376\377\0002\000.\0006\000.\0002\000.\0002\000\040\000r\000a\000n\000d\000o\000m\000I\000n\000t\000\050\000\051}{subsection.2.6.2}% 154
\BOOKMARK [3][-]{subsubsection.2.6.2.3}{\376\377\0002\000.\0006\000.\0002\000.\0003\000\040\000r\000a\000n\000d\000o\000m\000R\000e\000g\000i\000s\000t\000r\000a\000t\000i\000o\000n\000\050\000\051}{subsection.2.6.2}% 155
\BOOKMARK [3][-]{subsubsection.2.6.2.4}{\376\377\0002\000.\0006\000.\0002\000.\0004\000\040\000s\000a\000v\000e\000P\000l\000a\000n\000e\000s\000I\000n\000F\000i\000l\000e\000\050\000\051}{subsection.2.6.2}% 156
\BOOKMARK [1][-]{section.2.7}{\376\377\0002\000.\0007\000\040\000c\000m\000d\000P\000r\000i\000n\000t\000.\000c\000\040\000F\000i\000l\000e\000\040\000R\000e\000f\000e\000r\000e\000n\000c\000e}{chapter.2}% 157
\BOOKMARK [2][-]{subsection.2.7.1}{\376\377\0002\000.\0007\000.\0001\000\040\000D\000e\000t\000a\000i\000l\000e\000d\000\040\000D\000e\000s\000c\000r\000i\000p\000t\000i\000o\000n}{section.2.7}% 158
\BOOKMARK [2][-]{subsection.2.7.2}{\376\377\0002\000.\0007\000.\0002\000\040\000F\000u\000n\000c\000t\000i\000o\000n\000\040\000D\000o\000c\000u\000m\000e\000n\000t\000a\000t\000i\000o\000n}{section.2.7}% 159
\BOOKMARK [3][-]{subsubsection.2.7.2.1}{\376\377\0002\000.\0007\000.\0002\000.\0001\000\040\000d\000e\000b\000u\000g\000P\000l\000a\000n\000e\000S\000t\000a\000t\000u\000s\000\050\000\051}{subsection.2.7.2}% 160
\BOOKMARK [3][-]{subsubsection.2.7.2.2}{\376\377\0002\000.\0007\000.\0002\000.\0002\000\040\000d\000e\000b\000u\000g\000P\000l\000a\000n\000e\000T\000y\000p\000e\000\050\000\051}{subsection.2.7.2}% 161
\BOOKMARK [3][-]{subsubsection.2.7.2.3}{\376\377\0002\000.\0007\000.\0002\000.\0003\000\040\000d\000e\000b\000u\000g\000P\000r\000i\000n\000t\000A\000i\000r\000p\000o\000r\000t\000\050\000\051}{subsection.2.7.2}% 162
\BOOKMARK [3][-]{subsubsection.2.7.2.4}{\376\377\0002\000.\0007\000.\0002\000.\0004\000\040\000d\000e\000b\000u\000g\000P\000r\000i\000n\000t\000P\000l\000a\000n\000e\000\050\000\051}{subsection.2.7.2}% 163
\BOOKMARK [3][-]{subsubsection.2.7.2.5}{\376\377\0002\000.\0007\000.\0002\000.\0005\000\040\000d\000e\000b\000u\000g\000P\000r\000i\000n\000t\000R\000u\000n\000w\000a\000y\000\050\000\051}{subsection.2.7.2}% 164
\BOOKMARK [3][-]{subsubsection.2.7.2.6}{\376\377\0002\000.\0007\000.\0002\000.\0006\000\040\000d\000e\000b\000u\000g\000R\000u\000n\000w\000a\000y\000T\000y\000p\000e\000\050\000\051}{subsection.2.7.2}% 165
\BOOKMARK [3][-]{subsubsection.2.7.2.7}{\376\377\0002\000.\0007\000.\0002\000.\0007\000\040\000p\000r\000i\000n\000t\000P\000a\000r\000k\000i\000n\000g\000s\000L\000i\000s\000t\000\050\000\051}{subsection.2.7.2}% 166
\BOOKMARK [3][-]{subsubsection.2.7.2.8}{\376\377\0002\000.\0007\000.\0002\000.\0008\000\040\000p\000r\000i\000n\000t\000P\000l\000a\000n\000e\000s\000L\000i\000s\000t\000\050\000\051}{subsection.2.7.2}% 167
\BOOKMARK [3][-]{subsubsection.2.7.2.9}{\376\377\0002\000.\0007\000.\0002\000.\0009\000\040\000p\000r\000i\000n\000t\000R\000u\000n\000w\000a\000y\000s\000L\000i\000s\000t\000\050\000\051}{subsection.2.7.2}% 168
\BOOKMARK [1][-]{section.2.8}{\376\377\0002\000.\0008\000\040\000c\000m\000d\000P\000r\000i\000n\000t\000.\000h\000\040\000F\000i\000l\000e\000\040\000R\000e\000f\000e\000r\000e\000n\000c\000e}{chapter.2}% 169
\BOOKMARK [2][-]{subsection.2.8.1}{\376\377\0002\000.\0008\000.\0001\000\040\000D\000e\000t\000a\000i\000l\000e\000d\000\040\000D\000e\000s\000c\000r\000i\000p\000t\000i\000o\000n}{section.2.8}% 170
\BOOKMARK [2][-]{subsection.2.8.2}{\376\377\0002\000.\0008\000.\0002\000\040\000F\000u\000n\000c\000t\000i\000o\000n\000\040\000D\000o\000c\000u\000m\000e\000n\000t\000a\000t\000i\000o\000n}{section.2.8}% 171
\BOOKMARK [3][-]{subsubsection.2.8.2.1}{\376\377\0002\000.\0008\000.\0002\000.\0001\000\040\000d\000e\000b\000u\000g\000P\000r\000i\000n\000t\000A\000i\000r\000p\000o\000r\000t\000\050\000\051}{subsection.2.8.2}% 172
\BOOKMARK [3][-]{subsubsection.2.8.2.2}{\376\377\0002\000.\0008\000.\0002\000.\0002\000\040\000d\000e\000b\000u\000g\000P\000r\000i\000n\000t\000P\000l\000a\000n\000e\000\050\000\051}{subsection.2.8.2}% 173
\BOOKMARK [3][-]{subsubsection.2.8.2.3}{\376\377\0002\000.\0008\000.\0002\000.\0003\000\040\000d\000e\000b\000u\000g\000P\000r\000i\000n\000t\000R\000u\000n\000w\000a\000y\000\050\000\051}{subsection.2.8.2}% 174
\BOOKMARK [1][-]{section.2.9}{\376\377\0002\000.\0009\000\040\000R\000e\000n\000d\000e\000r\000e\000r\000.\000c\000\040\000F\000i\000l\000e\000\040\000R\000e\000f\000e\000r\000e\000n\000c\000e}{chapter.2}% 175
\BOOKMARK [2][-]{subsection.2.9.1}{\376\377\0002\000.\0009\000.\0001\000\040\000D\000e\000t\000a\000i\000l\000e\000d\000\040\000D\000e\000s\000c\000r\000i\000p\000t\000i\000o\000n}{section.2.9}% 176
\BOOKMARK [2][-]{subsection.2.9.2}{\376\377\0002\000.\0009\000.\0002\000\040\000E\000n\000u\000m\000e\000r\000a\000t\000i\000o\000n\000\040\000T\000y\000p\000e\000\040\000D\000o\000c\000u\000m\000e\000n\000t\000a\000t\000i\000o\000n}{section.2.9}% 177
\BOOKMARK [3][-]{subsubsection.2.9.2.1}{\376\377\0002\000.\0009\000.\0002\000.\0001\000\040\000m\000e\000n\000u\000A\000c\000t\000i\000o\000n}{subsection.2.9.2}% 178
\BOOKMARK [3][-]{subsubsection.2.9.2.2}{\376\377\0002\000.\0009\000.\0002\000.\0002\000\040\000t\000e\000x\000t\000A\000l\000i\000g\000n}{subsection.2.9.2}% 179
\BOOKMARK [2][-]{subsection.2.9.3}{\376\377\0002\000.\0009\000.\0003\000\040\000F\000u\000n\000c\000t\000i\000o\000n\000\040\000D\000o\000c\000u\000m\000e\000n\000t\000a\000t\000i\000o\000n}{section.2.9}% 180
\BOOKMARK [3][-]{subsubsection.2.9.3.1}{\376\377\0002\000.\0009\000.\0003\000.\0001\000\040\000g\000e\000t\000A\000c\000t\000i\000o\000n\000B\000u\000t\000t\000o\000n\000\050\000\051}{subsection.2.9.3}% 181
\BOOKMARK [3][-]{subsubsection.2.9.3.2}{\376\377\0002\000.\0009\000.\0003\000.\0002\000\040\000i\000n\000i\000t\000W\000i\000n\000d\000o\000w\000\050\000\051}{subsection.2.9.3}% 182
\BOOKMARK [3][-]{subsubsection.2.9.3.3}{\376\377\0002\000.\0009\000.\0003\000.\0003\000\040\000i\000n\000t\000e\000r\000f\000\137\000A\000i\000r\000p\000o\000r\000t\000T\000o\000R\000e\000n\000d\000e\000r\000\050\000\051}{subsection.2.9.3}% 183
\BOOKMARK [3][-]{subsubsection.2.9.3.4}{\376\377\0002\000.\0009\000.\0003\000.\0004\000\040\000i\000n\000t\000e\000r\000f\000\137\000l\000a\000u\000n\000c\000h\000M\000e\000n\000u\000\050\000\051}{subsection.2.9.3}% 184
\BOOKMARK [3][-]{subsubsection.2.9.3.5}{\376\377\0002\000.\0009\000.\0003\000.\0005\000\040\000i\000n\000t\000e\000r\000f\000\137\000P\000a\000r\000k\000i\000n\000g\000\050\000\051}{subsection.2.9.3}% 185
\BOOKMARK [3][-]{subsubsection.2.9.3.6}{\376\377\0002\000.\0009\000.\0003\000.\0006\000\040\000i\000n\000t\000e\000r\000f\000\137\000P\000a\000r\000k\000i\000n\000g\000\137\000P\000r\000i\000n\000t\000L\000i\000n\000e\000\050\000\051}{subsection.2.9.3}% 186
\BOOKMARK [3][-]{subsubsection.2.9.3.7}{\376\377\0002\000.\0009\000.\0003\000.\0007\000\040\000i\000n\000t\000e\000r\000f\000\137\000R\000a\000d\000a\000r\000\050\000\051}{subsection.2.9.3}% 187
\BOOKMARK [3][-]{subsubsection.2.9.3.8}{\376\377\0002\000.\0009\000.\0003\000.\0008\000\040\000i\000n\000t\000e\000r\000f\000\137\000R\000a\000d\000a\000r\000\137\000P\000r\000i\000n\000t\000L\000i\000n\000e\000\050\000\051}{subsection.2.9.3}% 188
\BOOKMARK [3][-]{subsubsection.2.9.3.9}{\376\377\0002\000.\0009\000.\0003\000.\0009\000\040\000i\000n\000t\000e\000r\000f\000\137\000R\000u\000n\000w\000a\000y\000\050\000\051}{subsection.2.9.3}% 189
\BOOKMARK [3][-]{subsubsection.2.9.3.10}{\376\377\0002\000.\0009\000.\0003\000.\0001\0000\000\040\000i\000s\000B\000u\000t\000t\000o\000n\000H\000o\000v\000e\000r\000\050\000\051}{subsection.2.9.3}% 190
\BOOKMARK [3][-]{subsubsection.2.9.3.11}{\376\377\0002\000.\0009\000.\0003\000.\0001\0001\000\040\000n\000e\000w\000B\000u\000t\000t\000o\000n\000\050\000\051}{subsection.2.9.3}% 191
\BOOKMARK [3][-]{subsubsection.2.9.3.12}{\376\377\0002\000.\0009\000.\0003\000.\0001\0002\000\040\000p\000r\000i\000n\000t\000B\000u\000t\000t\000o\000n\000s\000\050\000\051}{subsection.2.9.3}% 192
\BOOKMARK [3][-]{subsubsection.2.9.3.13}{\376\377\0002\000.\0009\000.\0003\000.\0001\0003\000\040\000p\000r\000i\000n\000t\000P\000r\000o\000g\000r\000e\000s\000s\000\050\000\051}{subsection.2.9.3}% 193
\BOOKMARK [3][-]{subsubsection.2.9.3.14}{\376\377\0002\000.\0009\000.\0003\000.\0001\0004\000\040\000p\000r\000i\000n\000t\000R\000e\000c\000t\000a\000n\000g\000l\000e\000W\000i\000t\000h\000B\000o\000r\000d\000e\000r\000\050\000\051}{subsection.2.9.3}% 194
\BOOKMARK [3][-]{subsubsection.2.9.3.15}{\376\377\0002\000.\0009\000.\0003\000.\0001\0005\000\040\000p\000r\000i\000n\000t\000T\000e\000x\000t\000\050\000\051}{subsection.2.9.3}% 195
\BOOKMARK [3][-]{subsubsection.2.9.3.16}{\376\377\0002\000.\0009\000.\0003\000.\0001\0006\000\040\000S\000e\000t\000D\000r\000a\000w\000C\000o\000l\000o\000r\000\050\000\051}{subsection.2.9.3}% 196
\BOOKMARK [3][-]{subsubsection.2.9.3.17}{\376\377\0002\000.\0009\000.\0003\000.\0001\0007\000\040\000u\000p\000d\000a\000t\000e\000A\000i\000r\000p\000o\000r\000t\000R\000e\000n\000d\000e\000r\000e\000r\000\050\000\051}{subsection.2.9.3}% 197
\BOOKMARK [3][-]{subsubsection.2.9.3.18}{\376\377\0002\000.\0009\000.\0003\000.\0001\0008\000\040\000u\000p\000d\000a\000t\000e\000H\000o\000v\000e\000r\000B\000u\000t\000t\000o\000n\000s\000\050\000\051}{subsection.2.9.3}% 198
\BOOKMARK [1][-]{section.2.10}{\376\377\0002\000.\0001\0000\000\040\000R\000e\000n\000d\000e\000r\000e\000r\000.\000h\000\040\000F\000i\000l\000e\000\040\000R\000e\000f\000e\000r\000e\000n\000c\000e}{chapter.2}% 199
\BOOKMARK [2][-]{subsection.2.10.1}{\376\377\0002\000.\0001\0000\000.\0001\000\040\000D\000e\000t\000a\000i\000l\000e\000d\000\040\000D\000e\000s\000c\000r\000i\000p\000t\000i\000o\000n}{section.2.10}% 200
\BOOKMARK [2][-]{subsection.2.10.2}{\376\377\0002\000.\0001\0000\000.\0002\000\040\000F\000u\000n\000c\000t\000i\000o\000n\000\040\000D\000o\000c\000u\000m\000e\000n\000t\000a\000t\000i\000o\000n}{section.2.10}% 201
\BOOKMARK [3][-]{subsubsection.2.10.2.1}{\376\377\0002\000.\0001\0000\000.\0002\000.\0001\000\040\000i\000n\000i\000t\000W\000i\000n\000d\000o\000w\000\050\000\051}{subsection.2.10.2}% 202
\BOOKMARK [3][-]{subsubsection.2.10.2.2}{\376\377\0002\000.\0001\0000\000.\0002\000.\0002\000\040\000u\000p\000d\000a\000t\000e\000A\000i\000r\000p\000o\000r\000t\000R\000e\000n\000d\000e\000r\000e\000r\000\050\000\051}{subsection.2.10.2}% 203
\BOOKMARK [1][-]{section.2.11}{\376\377\0002\000.\0001\0001\000\040\000S\000m\000a\000r\000t\000L\000i\000s\000t\000.\000c\000\040\000F\000i\000l\000e\000\040\000R\000e\000f\000e\000r\000e\000n\000c\000e}{chapter.2}% 204
\BOOKMARK [2][-]{subsection.2.11.1}{\376\377\0002\000.\0001\0001\000.\0001\000\040\000D\000e\000t\000a\000i\000l\000e\000d\000\040\000D\000e\000s\000c\000r\000i\000p\000t\000i\000o\000n}{section.2.11}% 205
\BOOKMARK [2][-]{subsection.2.11.2}{\376\377\0002\000.\0001\0001\000.\0002\000\040\000F\000u\000n\000c\000t\000i\000o\000n\000\040\000D\000o\000c\000u\000m\000e\000n\000t\000a\000t\000i\000o\000n}{section.2.11}% 206
\BOOKMARK [3][-]{subsubsection.2.11.2.1}{\376\377\0002\000.\0001\0001\000.\0002\000.\0001\000\040\000a\000p\000p\000e\000n\000d\000A\000t\000I\000n\000L\000i\000s\000t\000\050\000\051}{subsection.2.11.2}% 207
\BOOKMARK [3][-]{subsubsection.2.11.2.2}{\376\377\0002\000.\0001\0001\000.\0002\000.\0002\000\040\000a\000p\000p\000e\000n\000d\000I\000n\000L\000i\000s\000t\000\050\000\051}{subsection.2.11.2}% 208
\BOOKMARK [3][-]{subsubsection.2.11.2.3}{\376\377\0002\000.\0001\0001\000.\0002\000.\0003\000\040\000d\000e\000l\000e\000t\000e\000I\000n\000L\000i\000s\000t\000\050\000\051}{subsection.2.11.2}% 209
\BOOKMARK [3][-]{subsubsection.2.11.2.4}{\376\377\0002\000.\0001\0001\000.\0002\000.\0004\000\040\000d\000e\000l\000e\000t\000e\000I\000t\000e\000m\000A\000t\000I\000n\000d\000e\000x\000\050\000\051}{subsection.2.11.2}% 210
\BOOKMARK [3][-]{subsubsection.2.11.2.5}{\376\377\0002\000.\0001\0001\000.\0002\000.\0005\000\040\000e\000m\000p\000t\000y\000L\000i\000s\000t\000\050\000\051}{subsection.2.11.2}% 211
\BOOKMARK [3][-]{subsubsection.2.11.2.6}{\376\377\0002\000.\0001\0001\000.\0002\000.\0006\000\040\000g\000e\000t\000D\000a\000t\000a\000A\000t\000I\000n\000d\000e\000x\000\050\000\051}{subsection.2.11.2}% 212
\BOOKMARK [3][-]{subsubsection.2.11.2.7}{\376\377\0002\000.\0001\0001\000.\0002\000.\0007\000\040\000g\000e\000t\000I\000t\000e\000m\000A\000t\000I\000n\000d\000e\000x\000\050\000\051}{subsection.2.11.2}% 213
\BOOKMARK [3][-]{subsubsection.2.11.2.8}{\376\377\0002\000.\0001\0001\000.\0002\000.\0008\000\040\000n\000e\000w\000C\000h\000a\000i\000n\000I\000t\000e\000m\000\050\000\051}{subsection.2.11.2}% 214
\BOOKMARK [3][-]{subsubsection.2.11.2.9}{\376\377\0002\000.\0001\0001\000.\0002\000.\0009\000\040\000n\000e\000w\000L\000i\000s\000t\000\050\000\051}{subsection.2.11.2}% 215
\BOOKMARK [3][-]{subsubsection.2.11.2.10}{\376\377\0002\000.\0001\0001\000.\0002\000.\0001\0000\000\040\000p\000u\000s\000h\000I\000n\000L\000i\000s\000t\000\050\000\051}{subsection.2.11.2}% 216
\BOOKMARK [3][-]{subsubsection.2.11.2.11}{\376\377\0002\000.\0001\0001\000.\0002\000.\0001\0001\000\040\000p\000u\000t\000I\000t\000e\000m\000A\000t\000I\000n\000d\000e\000x\000\050\000\051}{subsection.2.11.2}% 217
\BOOKMARK [3][-]{subsubsection.2.11.2.12}{\376\377\0002\000.\0001\0001\000.\0002\000.\0001\0002\000\040\000s\000e\000a\000r\000c\000h\000D\000a\000t\000a\000I\000n\000L\000i\000s\000t\000\050\000\051}{subsection.2.11.2}% 218
\BOOKMARK [3][-]{subsubsection.2.11.2.13}{\376\377\0002\000.\0001\0001\000.\0002\000.\0001\0003\000\040\000s\000e\000a\000r\000c\000h\000I\000n\000d\000e\000x\000I\000n\000L\000i\000s\000t\000\050\000\051}{subsection.2.11.2}% 219
\BOOKMARK [3][-]{subsubsection.2.11.2.14}{\376\377\0002\000.\0001\0001\000.\0002\000.\0001\0004\000\040\000u\000p\000d\000a\000t\000e\000I\000n\000d\000e\000x\000s\000\050\000\051}{subsection.2.11.2}% 220
\BOOKMARK [1][-]{section.2.12}{\376\377\0002\000.\0001\0002\000\040\000S\000m\000a\000r\000t\000L\000i\000s\000t\000.\000h\000\040\000F\000i\000l\000e\000\040\000R\000e\000f\000e\000r\000e\000n\000c\000e}{chapter.2}% 221
\BOOKMARK [2][-]{subsection.2.12.1}{\376\377\0002\000.\0001\0002\000.\0001\000\040\000D\000e\000t\000a\000i\000l\000e\000d\000\040\000D\000e\000s\000c\000r\000i\000p\000t\000i\000o\000n}{section.2.12}% 222
\BOOKMARK [2][-]{subsection.2.12.2}{\376\377\0002\000.\0001\0002\000.\0002\000\040\000F\000u\000n\000c\000t\000i\000o\000n\000\040\000D\000o\000c\000u\000m\000e\000n\000t\000a\000t\000i\000o\000n}{section.2.12}% 223
\BOOKMARK [3][-]{subsubsection.2.12.2.1}{\376\377\0002\000.\0001\0002\000.\0002\000.\0001\000\040\000a\000p\000p\000e\000n\000d\000A\000t\000I\000n\000L\000i\000s\000t\000\050\000\051}{subsection.2.12.2}% 224
\BOOKMARK [3][-]{subsubsection.2.12.2.2}{\376\377\0002\000.\0001\0002\000.\0002\000.\0002\000\040\000a\000p\000p\000e\000n\000d\000I\000n\000L\000i\000s\000t\000\050\000\051}{subsection.2.12.2}% 225
\BOOKMARK [3][-]{subsubsection.2.12.2.3}{\376\377\0002\000.\0001\0002\000.\0002\000.\0003\000\040\000d\000e\000l\000e\000t\000e\000I\000n\000L\000i\000s\000t\000\050\000\051}{subsection.2.12.2}% 226
\BOOKMARK [3][-]{subsubsection.2.12.2.4}{\376\377\0002\000.\0001\0002\000.\0002\000.\0004\000\040\000d\000e\000l\000e\000t\000e\000I\000t\000e\000m\000A\000t\000I\000n\000d\000e\000x\000\050\000\051}{subsection.2.12.2}% 227
\BOOKMARK [3][-]{subsubsection.2.12.2.5}{\376\377\0002\000.\0001\0002\000.\0002\000.\0005\000\040\000e\000m\000p\000t\000y\000L\000i\000s\000t\000\050\000\051}{subsection.2.12.2}% 228
\BOOKMARK [3][-]{subsubsection.2.12.2.6}{\376\377\0002\000.\0001\0002\000.\0002\000.\0006\000\040\000g\000e\000t\000D\000a\000t\000a\000A\000t\000I\000n\000d\000e\000x\000\050\000\051}{subsection.2.12.2}% 229
\BOOKMARK [3][-]{subsubsection.2.12.2.7}{\376\377\0002\000.\0001\0002\000.\0002\000.\0007\000\040\000g\000e\000t\000I\000t\000e\000m\000A\000t\000I\000n\000d\000e\000x\000\050\000\051}{subsection.2.12.2}% 230
\BOOKMARK [3][-]{subsubsection.2.12.2.8}{\376\377\0002\000.\0001\0002\000.\0002\000.\0008\000\040\000n\000e\000w\000L\000i\000s\000t\000\050\000\051}{subsection.2.12.2}% 231
\BOOKMARK [3][-]{subsubsection.2.12.2.9}{\376\377\0002\000.\0001\0002\000.\0002\000.\0009\000\040\000p\000u\000s\000h\000I\000n\000L\000i\000s\000t\000\050\000\051}{subsection.2.12.2}% 232
\BOOKMARK [3][-]{subsubsection.2.12.2.10}{\376\377\0002\000.\0001\0002\000.\0002\000.\0001\0000\000\040\000s\000e\000a\000r\000c\000h\000D\000a\000t\000a\000I\000n\000L\000i\000s\000t\000\050\000\051}{subsection.2.12.2}% 233
\BOOKMARK [3][-]{subsubsection.2.12.2.11}{\376\377\0002\000.\0001\0002\000.\0002\000.\0001\0001\000\040\000s\000e\000a\000r\000c\000h\000I\000n\000d\000e\000x\000I\000n\000L\000i\000s\000t\000\050\000\051}{subsection.2.12.2}% 234
